<?xml version="1.0" encoding="utf-8" standalone="no"?>
<!--This file represents the results of running a test suite-->
<test-results name="C:\Users\dobyrne\Oblivious\NAnt\nant-0.92\build\net-4.0.win32\nant-debug\bin\NAnt.MSNet.Tests.dll" total="0" errors="0" failures="0" not-run="0" inconclusive="0" ignored="0" skipped="0" invalid="0" date="2013-04-29" time="16:20:29">
  <environment nunit-version="2.6.0.12051" clr-version="4.0.30319.296" os-version="Microsoft Windows NT 6.1.7601 Service Pack 1" platform="Win32NT" cwd="C:\Users\dobyrne\Oblivious\NAnt\nant-0.92" machine-name="DUB061-PC" user="dobyrne" user-domain="EZETOP" />
  <culture-info current-culture="en-IE" current-uiculture="en-US" />
  <test-suite type="Assembly" name="C:\Users\dobyrne\Oblivious\NAnt\nant-0.92\build\net-4.0.win32\nant-debug\bin\NAnt.MSNet.Tests.dll" executed="True" result="Inconclusive" success="False" time="0.025" asserts="0" />
</test-results>