<?xml version="1.0" encoding="utf-8" standalone="no"?>
<!--This file represents the results of running a test suite-->
<test-results name="C:\Users\dobyrne\Oblivious\NAnt\nant-0.92\build\net-4.0.win32\nant-debug\bin\NAnt.Win32.Tests.dll" total="2" errors="0" failures="0" not-run="0" inconclusive="0" ignored="0" skipped="0" invalid="0" date="2013-04-29" time="16:20:32">
  <environment nunit-version="2.6.0.12051" clr-version="4.0.30319.296" os-version="Microsoft Windows NT 6.1.7601 Service Pack 1" platform="Win32NT" cwd="C:\Users\dobyrne\Oblivious\NAnt\nant-0.92" machine-name="DUB061-PC" user="dobyrne" user-domain="EZETOP" />
  <culture-info current-culture="en-IE" current-uiculture="en-US" />
  <test-suite type="Assembly" name="C:\Users\dobyrne\Oblivious\NAnt\nant-0.92\build\net-4.0.win32\nant-debug\bin\NAnt.Win32.Tests.dll" executed="True" result="Success" success="True" time="1.720" asserts="0">
    <results>
      <test-suite type="Namespace" name="Tests" executed="True" result="Success" success="True" time="1.700" asserts="0">
        <results>
          <test-suite type="Namespace" name="NAnt" executed="True" result="Success" success="True" time="1.700" asserts="0">
            <results>
              <test-suite type="Namespace" name="Win32" executed="True" result="Success" success="True" time="1.700" asserts="0">
                <results>
                  <test-suite type="Namespace" name="Tasks" executed="True" result="Success" success="True" time="1.698" asserts="0">
                    <results>
                      <test-suite type="TestFixture" name="ReadRegistryTest" executed="True" result="Success" success="True" time="1.692" asserts="0">
                        <results>
                          <test-case name="Tests.NAnt.Win32.Tasks.ReadRegistryTest.Test_BadPath" executed="True" result="Success" success="True" time="1.592" asserts="0" />
                          <test-case name="Tests.NAnt.Win32.Tasks.ReadRegistryTest.Test_Read_Defaults" executed="True" result="Success" success="True" time="0.029" asserts="1" />
                        </results>
                      </test-suite>
                    </results>
                  </test-suite>
                </results>
              </test-suite>
            </results>
          </test-suite>
        </results>
      </test-suite>
    </results>
  </test-suite>
</test-results>